make all --print-data-base --no-builtin-variables --no-builtin-rules --question
make: *** No rule to make target 'all'.  Stop.

# GNU Make 4.2.1
# Built for x86_64-pc-linux-gnu
# Copyright (C) 1988-2016 Free Software Foundation, Inc.
# License GPLv3+: GNU GPL version 3 or later <http://gnu.org/licenses/gpl.html>
# This is free software: you are free to change and redistribute it.
# There is NO WARRANTY, to the extent permitted by law.

# Make data base, printed on Tue Aug 16 11:58:12 2022

# Variables

# automatic
<D = $(patsubst %/,%,$(dir $<))
# automatic
?F = $(notdir $?)
# default
.SHELLFLAGS := -c
# environment
XDG_SESSION_CLASS = user
# environment
VSCODE_AGENT_FOLDER = /home/ubuntu/.vscode-server
# environment
XDG_SESSION_TYPE = tty
# environment
MODULEPATH = /etc/environment-modules/modules:/usr/share/modules/versions:/usr/share/modules/$MODULE_VERSION/modulefiles:/usr/share/modules/modulefiles
# automatic
?D = $(patsubst %/,%,$(dir $?))
# automatic
@D = $(patsubst %/,%,$(dir $@))
# automatic
@F = $(notdir $@)
# default
MAKE_VERSION := 4.2.1
# makefile
CURDIR := /home/ubuntu/cuda
# makefile
SHELL = /bin/sh
# environment
VSCODE_NLS_CONFIG = {"locale":"en","availableLanguages":{}}
# environment
_ = /home/ubuntu/.vscode-server/bin/b06ae3b2d2dbfe28bca3134cc6be65935cdfea6a/node
# makefile
MAKEFILE_LIST := 
# 'override' directive
GNUMAKEFLAGS := 
# environment
XDG_DATA_DIRS = /usr/local/share:/usr/share:/var/lib/snapd/desktop
# environment
DBUS_SESSION_BUS_ADDRESS = unix:path=/run/user/1000/bus
# environment
LESSOPEN = | /usr/bin/lesspipe %s
# environment
VSCODE_CWD = /home/ubuntu
# environment
SSH_CONNECTION = 128.189.115.223 63043 172.31.2.139 22
# environment
PATH = /home/ubuntu/.vscode-server/bin/b06ae3b2d2dbfe28bca3134cc6be65935cdfea6a/bin/remote-cli:/opt/amazon/openmpi/bin/:/opt/amazon/efa/bin/:/usr/local/cuda/bin:/usr/local/sbin:/usr/local/bin:/usr/sbin:/usr/bin:/sbin:/bin:/usr/games:/usr/local/games:/snap/bin
# environment
XDG_RUNTIME_DIR = /run/user/1000
# environment
MODULES_CMD = /usr/lib/x86_64-linux-gnu/modulecmd.tcl
# environment
BASH_ENV = /usr/share/modules/init/bash
# environment
ELECTRON_RUN_AS_NODE = 1
# environment
VSCODE_IPC_HOOK_CLI = /run/user/1000/vscode-ipc-d115ea51-6424-458a-9834-53a0246f94fb.sock
# default
.FEATURES := target-specific order-only second-expansion else-if shortest-stem undefine oneshell archives jobserver output-sync check-symlink load
# environment
LS_COLORS = 
# automatic
%F = $(notdir $%)
# environment
PWD = /home/ubuntu/cuda
# default
.LOADED := 
# automatic
*D = $(patsubst %/,%,$(dir $*))
# environment
MANPATH = :
# environment
VSCODE_AMD_ENTRYPOINT = vs/workbench/api/node/extensionHostProcess
# environment
HOME = /home/ubuntu
# environment
LD_LIBRARY_PATH = /opt/amazon/efa/lib:/opt/amazon/openmpi/lib:/usr/local/cuda/efa/lib:/usr/local/cuda/lib:/usr/local/cuda:/usr/local/cuda/lib64:/usr/local/cuda/extras/CUPTI/lib64:/usr/local/cuda/targets/x86_64-linux/lib:/usr/local/lib:/usr/lib:
# environment
MODULEPATH_modshare = /etc/environment-modules/modules:1:/usr/share/modules/$MODULE_VERSION/modulefiles:1:/usr/share/modules/modulefiles:1:/usr/share/modules/versions:1
# environment
LESSCLOSE = /usr/bin/lesspipe %s %s
# environment
MODULESHOME = /usr/share/modules
# environment
LOGNAME = ubuntu
# environment
APPLICATION_INSIGHTS_NO_DIAGNOSTIC_CHANNEL = true
# automatic
+F = $(notdir $+)
# environment
VSCODE_HANDLES_UNCAUGHT_ERRORS = true
# automatic
^D = $(patsubst %/,%,$(dir $^))
# environment
MAKELEVEL := 0
# default
MAKE = $(MAKE_COMMAND)
# default
MAKECMDGOALS := all
# environment
SHLVL = 0
# environment
XDG_SESSION_ID = 1
# environment
USER = ubuntu
# makefile
.DEFAULT_GOAL := 
# automatic
%D = $(patsubst %/,%,$(dir $%))
# default
MAKE_COMMAND := make
# environment
OLDPWD = /home/ubuntu/.vscode-server/bin/b06ae3b2d2dbfe28bca3134cc6be65935cdfea6a
# default
.VARIABLES := 
# automatic
*F = $(notdir $*)
# makefile
MAKEFLAGS = pqrR
# environment
MFLAGS = -pqrR
 
# environment
SSH_CLIENT = 128.189.115.223 63043 22
# environment
LOADEDMODULES = 
# automatic
+D = $(patsubst %/,%,$(dir $+))
# environment
BROWSER = /home/ubuntu/.vscode-server/bin/b06ae3b2d2dbfe28bca3134cc6be65935cdfea6a/bin/helpers/browser.sh
# environment
VSCODE_HANDLES_SIGPIPE = true
# default
MAKEFILES := 
# automatic
<F = $(notdir $<)
# environment
LC_ALL = C
# automatic
^F = $(notdir $^)
# default
SUFFIXES := 
# default
.INCLUDE_DIRS = /usr/include /usr/local/include /usr/include
# default
.RECIPEPREFIX := 
# default
MAKE_HOST := x86_64-pc-linux-gnu
# environment
ENV = /usr/share/modules/init/profile.sh
# environment
LANG = C
# environment
MOTD_SHOWN = pam
# variable set hash-table stats:
# Load=76/1024=7%, Rehash=0, Collisions=9/98=9%

# Pattern-specific Variable Values

# No pattern-specific variable values.

# Directories

# . (device 66306, inode 263685): 6 files, no impossibilities.

# 6 files, no impossibilities in 1 directories.

# Implicit Rules

# No implicit rules.

# Files

# Not a target:
all:
#  Command line target.
#  Implicit rule search has been done.
#  File does not exist.
#  File has not been updated.

# Not a target:
Makefile:
#  Implicit rule search has been done.
#  File does not exist.
#  File has been updated.
#  Failed to be updated.

# Not a target:
makefile:
#  Implicit rule search has been done.
#  File does not exist.
#  File has been updated.
#  Failed to be updated.

# Not a target:
.DEFAULT:
#  Implicit rule search has not been done.
#  Modification time never checked.
#  File has not been updated.

# Not a target:
GNUmakefile:
#  Implicit rule search has been done.
#  File does not exist.
#  File has been updated.
#  Failed to be updated.

# files hash-table stats:
# Load=6/1024=1%, Rehash=0, Collisions=0/15=0%
# VPATH Search Paths

# No 'vpath' search paths.

# No general ('VPATH' variable) search path.

# strcache buffers: 1 (0) / strings = 14 / storage = 120 B / avg = 8 B
# current buf: size = 8162 B / used = 120 B / count = 14 / avg = 8 B

# strcache performance: lookups = 17 / hit rate = 17%
# hash-table stats:
 
# Load=14/8192=0%, Rehash=0, Collisions=1/17=6%
# Finished Make data base on Tue Aug 16 11:58:12 2022

 
